<?xml version="1.0" encoding="UTF-8"?>
<!-- Generated by org.testng.reporters.JUnitReportReporter -->
<testsuite hostname="DESKTOP-29U5Q8G" failures="0" tests="1" name="RealTimeExercise.JavaStream" time="0.044" errors="0" timestamp="29 Dec 2023 08:36:43 GMT">
  <testcase classname="RealTimeExercise.JavaStream" name="streamCollect" time="0.044"/>
</testsuite> <!-- RealTimeExercise.JavaStream -->
