<?xml version="1.0" encoding="UTF-8"?>
<!-- Generated by org.testng.reporters.JUnitReportReporter -->
<testsuite hostname="DESKTOP-29U5Q8G" failures="0" tests="1" name="Frameworks.PS1" time="0.025" errors="0" timestamp="1 Jan 2024 01:03:11 GMT">
  <testcase classname="Frameworks.PS1" name="testRun" time="0.025"/>
</testsuite> <!-- Frameworks.PS1 -->
